build/app/intermediates/manifest_merge_blame_file/debug/manifest-merger-blame-debug-report.txt
1<?xml version="1.0" encoding="utf-8"?>
2<manifest xmlns:android="http://schemas.android.com/apk/res/android"
3    package="com.example.sourcedemo"
4    android:versionCode="1"
5    android:versionName="1.0.0" >
6    <!--
7 io.flutter.app.FlutterApplication is an android.app.Application that
8         calls FlutterMain.startInitialization(this); in its onCreate method.
9         In most cases you can leave this as-is, but you if you want to provide
10         additional functionality it is fine to subclass or reimplement
11         FlutterApplication and put your custom class here.
12    -->
13    <uses-sdk
13-->src/main/AndroidManifest.xml:8:5-74
14        android:minSdkVersion="16"
14-->src/main/AndroidManifest.xml:8:15-41
15        android:targetSdkVersion="28" />
15-->src/main/AndroidManifest.xml:8:42-71
16    <!--
17         Flutter needs it to communicate with the running application
18         to allow setting breakpoints, to provide hot reload, etc.
19    -->
20    <uses-permission android:name="android.permission.INTERNET" />
20-->src/main/AndroidManifest.xml:14:5-66
20-->src/main/AndroidManifest.xml:14:22-64
21    <uses-permission android:name="android.permission.RECORD_AUDIO" />
21-->src/main/AndroidManifest.xml:15:5-71
21-->src/main/AndroidManifest.xml:15:22-68
22
23    <application
23-->src/main/AndroidManifest.xml:16:5-37:19
24        android:name="io.flutter.app.FlutterApplication"
24-->src/main/AndroidManifest.xml:17:9-57
25        android:appComponentFactory="androidx.core.app.CoreComponentFactory"
25-->[androidx.core:core:1.0.0] AndroidManifest.xml:22:18-86
26        android:debuggable="true"
27        android:icon="@mipmap/ic_launcher"
27-->src/main/AndroidManifest.xml:19:9-43
28        android:label="sourcedemo" >
28-->src/main/AndroidManifest.xml:18:9-35
29        <activity
29-->src/main/AndroidManifest.xml:20:9-31:20
30            android:name="com.example.sourcedemo.MainActivity"
30-->src/main/AndroidManifest.xml:21:13-41
31            android:configChanges="orientation|keyboardHidden|keyboard|screenSize|smallestScreenSize|locale|layoutDirection|fontScale|screenLayout|density|uiMode"
31-->src/main/AndroidManifest.xml:24:13-163
32            android:hardwareAccelerated="true"
32-->src/main/AndroidManifest.xml:25:13-47
33            android:launchMode="singleTop"
33-->src/main/AndroidManifest.xml:22:13-43
34            android:theme="@style/LaunchTheme"
34-->src/main/AndroidManifest.xml:23:13-47
35            android:windowSoftInputMode="adjustResize" >
35-->src/main/AndroidManifest.xml:26:13-55
36            <intent-filter>
36-->src/main/AndroidManifest.xml:27:13-30:29
37                <action android:name="android.intent.action.MAIN" />
37-->src/main/AndroidManifest.xml:28:17-68
37-->src/main/AndroidManifest.xml:28:25-66
38
39                <category android:name="android.intent.category.LAUNCHER" />
39-->src/main/AndroidManifest.xml:29:17-76
39-->src/main/AndroidManifest.xml:29:27-74
40            </intent-filter>
41        </activity>
42        <!--
43             Don't delete the meta-data below.
44             This is used by the Flutter tool to generate GeneratedPluginRegistrant.java
45        -->
46        <meta-data
46-->src/main/AndroidManifest.xml:34:9-36:33
47            android:name="flutterEmbedding"
47-->src/main/AndroidManifest.xml:35:13-44
48            android:value="2" />
48-->src/main/AndroidManifest.xml:36:13-30
49    </application>
50
51</manifest>